<?xml version="1.0" encoding="UTF-8"?>
<!-- Generated by org.testng.reporters.JUnitReportReporter -->
<testsuite hostname="DESKTOP-BPCSJES" failures="0" tests="1" name="TC003_GET_Request" time="5.486" errors="0" timestamp="2022-05-08T14:28:31 IST" skipped="0">
  <testcase classname="TC003_GET_Request" name="googleMapTest" time="5.486"/>
  <system-out/>
</testsuite> <!-- TC003_GET_Request -->
