<?xml version="1.0" encoding="UTF-8"?>
<!-- Generated by org.testng.reporters.JUnitReportReporter -->
<testsuite hostname="DESKTOP-BPCSJES" failures="0" tests="1" name="TC004GET_Request_PrintAllHeaders" time="5.915" errors="0" timestamp="2022-05-08T17:36:15 IST" skipped="0">
  <testcase classname="TC004GET_Request_PrintAllHeaders" name="googleMapTest" time="5.915"/>
  <system-out/>
</testsuite> <!-- TC004GET_Request_PrintAllHeaders -->
